<?xml version="1.0" encoding="UTF-8"?>
<testsuite xmlns:xsi="http://www.w3.org/2001/XMLSchema-instance" xsi:noNamespaceSchemaLocation="https://maven.apache.org/surefire/maven-surefire-plugin/xsd/surefire-test-report-3.0.xsd" version="3.0" name="workshop_ci_tg.RestaurantCalculatorApp" time="0.062" tests="11" errors="0" skipped="0" failures="0">
  <properties>
[...]
</properties>
  <testcase name="validateInputAmountDinnerTest" classname="workshop_ci_tg.RestaurantCalculatorApp" time="0.026"/>
  <testcase name="calculateFinalCostTest" classname="workshop_ci_tg.RestaurantCalculatorApp" time="0.003"/>
  <testcase name="getTotalCostTest" classname="workshop_ci_tg.RestaurantCalculatorApp" time="0.001"/>
  <testcase name="getDiscountsTest" classname="workshop_ci_tg.RestaurantCalculatorApp" time="0.001"/>
  <testcase name="changeOrderTest" classname="workshop_ci_tg.RestaurantCalculatorApp" time="0.002">
    <system-out><![CDATA[ID1Dinner has been updated! 

]]></system-out>
  </testcase>
  <testcase name="addOrderTest" classname="workshop_ci_tg.RestaurantCalculatorApp" time="0.0"/>
  <testcase name="checkUserOrderDinnerIsEmptyTest" classname="workshop_ci_tg.RestaurantCalculatorApp" time="0.0"/>
  <testcase name="getAmountTotalTest" classname="workshop_ci_tg.RestaurantCalculatorApp" time="0.001"/>
  <testcase name="validateExistingIdDinnerTest" classname="workshop_ci_tg.RestaurantCalculatorApp" time="0.001"/>
  <testcase name="checkMaxAmountQuantity" classname="workshop_ci_tg.RestaurantCalculatorApp" time="0.0"/>
  <testcase name="resetInventoryTest" classname="workshop_ci_tg.RestaurantCalculatorApp" time="0.0"/>
</testsuite>